# JRE version: Java(TM) SE Runtime Environment 18.9 (11.0.31+9) (build 11.0.31+9-LTS-165)
# Java VM: Java HotSpot(TM) 64-Bit Server VM 18.9 (11.0.31+9-LTS-165, mixed mode, tiered, compressed oops, g1 gc, windows-amd64)
Heap:
 garbage-first heap   total 131072K, used 39419K [0x0000000081a00000, 0x0000000100000000)
  region size 1024K, 11 young (11264K), 6 survivors (6144K)
 Metaspace       used 81365K, capacity 83555K, committed 83612K, reserved 1122304K
  class space    used 10632K, capacity 11501K, committed 11516K, reserved 1048576K
GC Heap History (10 events):
Event: 68.228 GC heap before
{Heap before GC invocations=16 (full 0):
 garbage-first heap   total 131072K, used 94818K [0x0000000081a00000, 0x0000000100000000)
  region size 1024K, 76 young (77824K), 6 survivors (6144K)
 Metaspace       used 63490K, capacity 65082K, committed 65308K, reserved 1105920K
  class space    used 8373K, capacity 9026K, committed 9084K, reserved 1048576K
}
Event: 68.242 GC heap after
{Heap after GC invocations=17 (full 0):
 garbage-first heap   total 131072K, used 24684K [0x0000000081a00000, 0x0000000100000000)
  region size 1024K, 6 young (6144K), 6 survivors (6144K)
 Metaspace       used 63490K, capacity 65082K, committed 65308K, reserved 1105920K
  class space    used 8373K, capacity 9026K, committed 9084K, reserved 1048576K
}
Event: 71.803 GC heap before
{Heap before GC invocations=17 (full 0):
 garbage-first heap   total 131072K, used 96364K [0x0000000081a00000, 0x0000000100000000)
  region size 1024K, 76 young (77824K), 6 survivors (6144K)
 Metaspace       used 68242K, capacity 69996K, committed 70044K, reserved 1110016K
  class space    used 8970K, capacity 9680K, committed 9724K, reserved 1048576K
}
Event: 71.818 GC heap after
{Heap after GC invocations=18 (full 0):
 garbage-first heap   total 131072K, used 27436K [0x0000000081a00000, 0x0000000100000000)
  region size 1024K, 8 young (8192K), 8 survivors (8192K)
 Metaspace       used 68242K, capacity 69996K, committed 70044K, reserved 1110016K
  class space    used 8970K, capacity 9680K, committed 9724K, reserved 1048576K
}
Event: 82.546 GC heap before
{Heap before GC invocations=18 (full 0):
 garbage-first heap   total 131072K, used 97068K [0x0000000081a00000, 0x0000000100000000)
  region size 1024K, 76 young (77824K), 8 survivors (8192K)
 Metaspace       used 70644K, capacity 72491K, committed 72732K, reserved 1112064K
  class space    used 9311K, capacity 10085K, committed 10108K, reserved 1048576K
}
Event: 82.569 GC heap after
{Heap after GC invocations=19 (full 0):
 garbage-first heap   total 131072K, used 29747K [0x0000000081a00000, 0x0000000100000000)
  region size 1024K, 8 young (8192K), 8 survivors (8192K)
 Metaspace       used 70644K, capacity 72491K, committed 72732K, reserved 1112064K
  class space    used 9311K, capacity 10085K, committed 10108K, reserved 1048576K
}
Event: 84.216 GC heap before
{Heap before GC invocations=19 (full 0):
 garbage-first heap   total 131072K, used 99379K [0x0000000081a00000, 0x0000000100000000)
  region size 1024K, 76 young (77824K), 8 survivors (8192K)
 Metaspace       used 75932K, capacity 77930K, committed 78108K, reserved 1116160K
  class space    used 10006K, capacity 10804K, committed 10876K, reserved 1048576K
}
Event: 84.242 GC heap after
{Heap after GC invocations=20 (full 0):
 garbage-first heap   total 131072K, used 33558K [0x0000000081a00000, 0x0000000100000000)
  region size 1024K, 9 young (9216K), 9 survivors (9216K)
 Metaspace       used 75932K, capacity 77930K, committed 78108K, reserved 1116160K
  class space    used 10006K, capacity 10804K, committed 10876K, reserved 1048576K
}
Event: 1332.319 GC heap before
{Heap before GC invocations=20 (full 0):
 garbage-first heap   total 131072K, used 102166K [0x0000000081a00000, 0x0000000100000000)
  region size 1024K, 76 young (77824K), 9 survivors (9216K)
 Metaspace       used 81269K, capacity 83419K, committed 83612K, reserved 1122304K
  class space    used 10631K, capacity 11500K, committed 11516K, reserved 1048576K
}
Event: 1332.643 GC heap after
{Heap after GC invocations=21 (full 0):
 garbage-first heap   total 131072K, used 35323K [0x0000000081a00000, 0x0000000100000000)
  region size 1024K, 6 young (6144K), 6 survivors (6144K)
 Metaspace       used 81269K, capacity 83419K, committed 83612K, reserved 1122304K
  class space    used 10631K, capacity 11500K, committed 11516K, reserved 1048576K
}

